2023-10-31 19:31:12,745 - ftv - INFO - WebDriver Iniciado
2023-10-31 19:31:13,540 - ftv - DEBUG - A execução do Bot começou
2023-10-31 19:31:17,199 - ftv - DEBUG - [0]
2023-10-31 19:31:57,174 - ftv - DEBUG - [19]
2023-10-31 19:32:39,427 - ftv - DEBUG - [19, 2]
2023-10-31 19:32:45,432 - ftv - DEBUG - [2]
2023-10-31 19:33:16,303 - ftv - DEBUG - [2, 6]
2023-10-31 19:33:57,292 - ftv - DEBUG - [2, 6, 4]
2023-10-31 19:34:40,325 - ftv - DEBUG - [2, 6, 4, 18]
2023-10-31 19:34:46,331 - ftv - DEBUG - [18]
2023-10-31 19:35:20,427 - ftv - DEBUG - [18, 25]
2023-10-31 19:35:26,432 - ftv - DEBUG - [25]
2023-10-31 19:36:07,284 - ftv - DEBUG - [25, 20]
2023-10-31 19:36:13,287 - ftv - DEBUG - [20]
2023-10-31 19:36:46,432 - ftv - DEBUG - [20, 4]
2023-10-31 19:36:52,435 - ftv - DEBUG - [4]
2023-10-31 19:37:32,535 - ftv - DEBUG - [4, 30]
2023-10-31 19:37:38,539 - ftv - DEBUG - [30]
2023-10-31 19:38:20,327 - ftv - DEBUG - [30, 7]
2023-10-31 19:38:26,331 - ftv - DEBUG - [7]
2023-10-31 19:39:04,697 - ftv - DEBUG - [7, 34]
2023-10-31 19:39:53,516 - ftv - DEBUG - [7, 34, 18]
2023-10-31 19:39:59,519 - ftv - DEBUG - [18]
2023-10-31 19:40:39,264 - ftv - DEBUG - [18, 16]
2023-10-31 19:41:23,355 - ftv - DEBUG - [18, 16, 31]
2023-10-31 19:41:29,360 - ftv - DEBUG - [31]
2023-10-31 19:42:03,505 - ftv - DEBUG - [31, 0]
2023-10-31 19:42:09,511 - ftv - DEBUG - [0]
2023-10-31 19:42:44,585 - ftv - DEBUG - [31]
2023-10-31 19:43:32,355 - ftv - DEBUG - [31, 22]
2023-10-31 19:44:11,603 - ftv - DEBUG - [31, 22, 10]
2023-10-31 19:44:53,739 - ftv - DEBUG - [31, 22, 10, 31]
2023-10-31 19:45:50,606 - ftv - DEBUG - [31, 22, 10, 31, 26]
2023-10-31 19:45:56,613 - ftv - DEBUG - [26]
2023-10-31 19:46:32,631 - ftv - DEBUG - [26, 7]
2023-10-31 19:46:38,635 - ftv - DEBUG - [7]
2023-10-31 19:47:23,764 - ftv - DEBUG - [7, 19]
2023-10-31 19:48:06,545 - ftv - DEBUG - [7, 19, 1]
2023-10-31 19:49:07,447 - ftv - DEBUG - [7, 19, 1, 19]
2023-10-31 19:49:50,798 - ftv - DEBUG - [7, 19, 1, 19, 36]
2023-10-31 19:49:56,803 - ftv - DEBUG - [36]
2023-10-31 19:50:29,283 - ftv - DEBUG - [36, 32]
2023-10-31 19:51:10,000 - ftv - DEBUG - [36, 32, 26]
2023-10-31 19:51:45,025 - ftv - DEBUG - [36, 32, 26, 31]
2023-10-31 19:52:22,292 - ftv - DEBUG - [36, 32, 26, 31, 26]
2023-10-31 19:53:02,483 - ftv - DEBUG - [36, 32, 26, 31, 26, 34]
2023-10-31 19:53:34,429 - ftv - DEBUG - [36, 32, 26, 31, 26, 34, 3]
2023-10-31 19:53:40,435 - ftv - DEBUG - [3]
2023-10-31 19:54:08,250 - ftv - DEBUG - [3, 6]
2023-10-31 19:54:45,258 - ftv - DEBUG - [3, 6, 19]
2023-10-31 19:54:51,265 - ftv - DEBUG - [19]
2023-10-31 19:55:29,486 - ftv - DEBUG - [19, 26]
2023-10-31 19:55:35,492 - ftv - DEBUG - [26]
2023-10-31 19:56:10,610 - ftv - DEBUG - [26, 16]
2023-10-31 19:56:16,615 - ftv - DEBUG - [16]
2023-10-31 19:56:53,449 - ftv - DEBUG - [16, 27]
2023-10-31 19:56:59,451 - ftv - DEBUG - [27]
2023-10-31 19:57:33,387 - ftv - DEBUG - [27, 4]
2023-10-31 19:57:39,391 - ftv - DEBUG - [4]
2023-10-31 19:58:06,172 - ftv - DEBUG - [4, 30]
2023-10-31 19:58:12,177 - ftv - DEBUG - [30]
2023-10-31 19:58:42,618 - ftv - DEBUG - [30, 24]
2023-10-31 19:59:21,130 - ftv - DEBUG - [30, 24, 33]
2023-10-31 19:59:53,427 - ftv - DEBUG - [30, 24, 33, 24]
2023-10-31 20:00:29,674 - ftv - DEBUG - [30, 24, 33, 24, 27]
2023-10-31 20:01:16,833 - ftv - DEBUG - [30, 24, 33, 24, 27, 36]
2023-10-31 20:01:50,517 - ftv - DEBUG - [30, 24, 33, 24, 27, 36, 14]
2023-10-31 20:01:56,524 - ftv - DEBUG - [14]
2023-10-31 20:02:22,231 - ftv - DEBUG - [14, 26]
2023-10-31 20:02:56,396 - ftv - DEBUG - [14, 26, 27]
2023-10-31 20:03:02,400 - ftv - DEBUG - [27]
2023-10-31 20:03:29,359 - ftv - DEBUG - [27, 6]
2023-10-31 20:03:59,125 - ftv - DEBUG - [27, 6, 17]
2023-10-31 20:04:05,131 - ftv - DEBUG - [17]
2023-10-31 20:04:33,195 - ftv - DEBUG - [17, 17]
2023-10-31 20:05:20,035 - ftv - DEBUG - [17, 17, 31]
2023-10-31 20:05:26,040 - ftv - DEBUG - [31]
2023-10-31 20:06:01,518 - ftv - DEBUG - [31, 17]
2023-10-31 20:06:07,524 - ftv - DEBUG - [17]
2023-10-31 20:06:39,298 - ftv - DEBUG - [17, 35]
2023-10-31 20:07:21,445 - ftv - DEBUG - [17, 35, 3]
2023-10-31 20:07:27,451 - ftv - DEBUG - [3]
2023-10-31 20:07:55,264 - ftv - DEBUG - [3, 7]
2023-10-31 20:08:33,249 - ftv - DEBUG - [3, 7, 31]
2023-10-31 20:08:39,255 - ftv - DEBUG - [31]
2023-10-31 20:09:18,539 - ftv - DEBUG - [31, 27]
2023-10-31 20:09:49,491 - ftv - DEBUG - [31, 27, 19]
2023-10-31 20:09:55,495 - ftv - DEBUG - [19]
2023-10-31 20:10:25,070 - ftv - DEBUG - [19, 28]
2023-10-31 20:11:03,169 - ftv - DEBUG - [19, 28, 9]
2023-10-31 20:11:09,177 - ftv - DEBUG - [9]
2023-10-31 20:11:41,103 - ftv - DEBUG - [9, 32]
2023-10-31 20:11:47,107 - ftv - DEBUG - [32]
2023-10-31 20:12:15,174 - ftv - DEBUG - [32, 12]
2023-10-31 20:12:21,179 - ftv - DEBUG - [12]
2023-10-31 20:12:58,363 - ftv - DEBUG - [12, 0]
2023-10-31 20:13:04,369 - ftv - DEBUG - [0]
2023-10-31 20:13:39,332 - ftv - DEBUG - [5]
2023-10-31 20:14:11,145 - ftv - DEBUG - [5, 3]
2023-10-31 20:14:49,301 - ftv - DEBUG - [5, 3, 10]
2023-10-31 20:15:36,399 - ftv - DEBUG - [5, 3, 10, 32]
2023-10-31 20:15:42,406 - ftv - DEBUG - [32]
2023-10-31 20:16:11,429 - ftv - DEBUG - [32, 27]
2023-10-31 20:16:51,114 - ftv - DEBUG - [32, 27, 1]
2023-10-31 20:16:57,119 - ftv - DEBUG - [1]
2023-10-31 20:17:26,304 - ftv - DEBUG - [1, 22]
2023-10-31 20:18:10,046 - ftv - DEBUG - [1, 22, 5]
2023-10-31 20:18:16,053 - ftv - DEBUG - [5]
2023-10-31 20:18:52,402 - ftv - DEBUG - [5, 8]
2023-10-31 20:19:24,139 - ftv - DEBUG - [5, 8, 2]
2023-10-31 20:20:00,142 - ftv - DEBUG - [5, 8, 2, 8]
2023-10-31 20:20:37,367 - ftv - DEBUG - [5, 8, 2, 8, 18]
2023-10-31 20:20:43,371 - ftv - DEBUG - [18]
2023-10-31 20:21:20,378 - ftv - DEBUG - [18, 0]
2023-10-31 20:21:26,385 - ftv - DEBUG - [0]
2023-10-31 20:21:58,487 - ftv - DEBUG - [5]
2023-10-31 20:22:41,354 - ftv - DEBUG - [5, 33]
2023-10-31 20:22:47,360 - ftv - DEBUG - [33]
2023-10-31 20:23:18,253 - ftv - DEBUG - [33, 23]
2023-10-31 20:23:24,255 - ftv - DEBUG - [23]
2023-10-31 20:23:56,431 - ftv - DEBUG - [23, 12]
2023-10-31 20:24:02,435 - ftv - DEBUG - [12]
2023-10-31 20:24:40,539 - ftv - DEBUG - [12, 16]
2023-10-31 20:24:46,545 - ftv - DEBUG - [16]
2023-10-31 20:25:13,326 - ftv - DEBUG - [16, 12]
2023-10-31 20:25:19,331 - ftv - DEBUG - [12]
2023-10-31 20:25:54,281 - ftv - DEBUG - [12, 27]
2023-10-31 20:26:37,641 - ftv - DEBUG - [12, 27, 35]
2023-10-31 20:26:43,647 - ftv - DEBUG - [35]
2023-10-31 20:27:15,368 - ftv - DEBUG - [35, 31]
2023-10-31 20:27:54,376 - ftv - DEBUG - [35, 31, 3]
2023-10-31 20:28:00,381 - ftv - DEBUG - [3]
2023-10-31 20:28:34,324 - ftv - DEBUG - [3, 23]
2023-10-31 20:28:40,327 - ftv - DEBUG - [23]
