2023-10-31 19:31:38,324 - f - INFO - WebDriver Iniciado
2023-10-31 19:31:40,864 - f - DEBUG - A execução do Bot começou
2023-10-31 19:31:45,761 - f - DEBUG - [0]
2023-10-31 19:32:42,371 - f - DEBUG - [1]
2023-10-31 19:33:28,644 - f - DEBUG - [1, 31]
2023-10-31 19:34:08,300 - f - DEBUG - [1, 31, 24]
2023-10-31 19:34:14,307 - f - DEBUG - [24]
2023-10-31 19:34:58,392 - f - DEBUG - [24, 8]
2023-10-31 19:35:04,395 - f - DEBUG - [8]
2023-10-31 19:35:54,524 - f - DEBUG - [8, 36]
2023-10-31 19:36:00,527 - f - DEBUG - [36]
2023-10-31 19:36:46,546 - f - DEBUG - [36, 18]
2023-10-31 19:37:37,582 - f - DEBUG - [36, 18, 23]
2023-10-31 19:37:43,587 - f - DEBUG - [23]
2023-10-31 19:38:13,596 - f - DEBUG - [23, 1]
2023-10-31 19:38:19,599 - f - DEBUG - [1]
2023-10-31 19:39:06,784 - f - DEBUG - [1, 21]
2023-10-31 19:39:12,790 - f - DEBUG - [21]
2023-10-31 19:39:49,536 - f - DEBUG - [21, 9]
2023-10-31 19:40:26,688 - f - DEBUG - [21, 9, 29]
2023-10-31 19:40:32,694 - f - DEBUG - [29]
2023-10-31 19:41:08,410 - f - DEBUG - [29, 13]
2023-10-31 19:41:14,415 - f - DEBUG - [13]
2023-10-31 19:42:00,628 - f - DEBUG - [13, 9]
2023-10-31 19:42:06,631 - f - DEBUG - [9]
2023-10-31 19:42:50,597 - f - DEBUG - [9, 25]
2023-10-31 19:42:56,603 - f - DEBUG - [25]
2023-10-31 19:43:43,352 - f - DEBUG - [25, 16]
2023-10-31 19:44:23,715 - f - DEBUG - [25, 16, 19]
2023-10-31 19:45:13,630 - f - DEBUG - [25, 16, 19, 31]
2023-10-31 19:45:53,437 - f - DEBUG - [25, 16, 19, 31, 7]
2023-10-31 19:46:30,571 - f - DEBUG - [25, 16, 19, 31, 7, 15]
2023-10-31 19:46:36,578 - f - DEBUG - [15]
2023-10-31 19:47:18,591 - f - DEBUG - [15, 15]
2023-10-31 19:48:08,423 - f - DEBUG - [15, 15, 10]
2023-10-31 19:48:14,428 - f - DEBUG - [10]
2023-10-31 19:48:55,688 - f - DEBUG - [10, 15]
2023-10-31 19:49:01,693 - f - DEBUG - [15]
2023-10-31 19:49:39,540 - f - DEBUG - [15, 35]
2023-10-31 19:49:45,543 - f - DEBUG - [35]
2023-10-31 19:50:29,839 - f - DEBUG - [35, 20]
2023-10-31 19:51:23,813 - f - DEBUG - [35, 20, 27]
2023-10-31 19:51:29,819 - f - DEBUG - [27]
2023-10-31 19:52:04,721 - f - DEBUG - [27, 24]
2023-10-31 19:52:43,132 - f - DEBUG - [27, 24, 14]
2023-10-31 19:52:49,137 - f - DEBUG - [14]
2023-10-31 19:53:24,928 - f - DEBUG - [14, 32]
2023-10-31 19:54:02,681 - f - DEBUG - [14, 32, 10]
2023-10-31 19:54:08,688 - f - DEBUG - [10]
2023-10-31 19:54:54,746 - f - DEBUG - [10, 27]
2023-10-31 19:55:00,751 - f - DEBUG - [27]
2023-10-31 19:55:32,700 - f - DEBUG - [27, 10]
2023-10-31 19:55:38,706 - f - DEBUG - [10]
2023-10-31 19:56:08,947 - f - DEBUG - [10, 24]
2023-10-31 19:56:14,951 - f - DEBUG - [24]
2023-10-31 19:56:49,811 - f - DEBUG - [24, 0]
2023-10-31 19:56:55,816 - f - DEBUG - [0]
2023-10-31 19:57:29,674 - f - DEBUG - [3]
2023-10-31 19:58:09,883 - f - DEBUG - [3, 16]
2023-10-31 19:58:15,888 - f - DEBUG - [16]
2023-10-31 19:58:51,539 - f - DEBUG - [16, 3]
2023-10-31 19:58:57,545 - f - DEBUG - [3]
2023-10-31 19:59:43,925 - f - DEBUG - [3, 3]
2023-10-31 20:00:19,613 - f - DEBUG - [3, 3, 17]
2023-10-31 20:00:25,624 - f - DEBUG - [17]
2023-10-31 20:01:10,134 - f - DEBUG - [17, 32]
2023-10-31 20:01:42,888 - f - DEBUG - [17, 32, 26]
2023-10-31 20:02:32,782 - f - DEBUG - [17, 32, 26, 33]
2023-10-31 20:02:38,787 - f - DEBUG - [33]
2023-10-31 20:03:10,774 - f - DEBUG - [33, 30]
2023-10-31 20:03:54,108 - f - DEBUG - [33, 30, 27]
2023-10-31 20:04:30,813 - f - DEBUG - [33, 30, 27, 3]
2023-10-31 20:05:09,404 - f - DEBUG - [33, 30, 27, 3, 0]
2023-10-31 20:05:15,407 - f - DEBUG - [0]
2023-10-31 20:06:01,197 - f - DEBUG - [7]
2023-10-31 20:06:34,829 - f - DEBUG - [7, 14]
2023-10-31 20:06:40,834 - f - DEBUG - [14]
2023-10-31 20:07:32,913 - f - DEBUG - [14, 17]
2023-10-31 20:08:13,920 - f - DEBUG - [14, 17, 4]
2023-10-31 20:08:19,925 - f - DEBUG - [4]
2023-10-31 20:08:57,757 - f - DEBUG - [4, 33]
2023-10-31 20:09:03,763 - f - DEBUG - [33]
2023-10-31 20:09:35,881 - f - DEBUG - [33, 34]
2023-10-31 20:10:19,192 - f - DEBUG - [33, 34, 35]
2023-10-31 20:11:04,202 - f - DEBUG - [33, 34, 35, 32]
2023-10-31 20:11:44,360 - f - DEBUG - [33, 34, 35, 32, 23]
2023-10-31 20:11:50,363 - f - DEBUG - [23]
2023-10-31 20:12:21,220 - f - DEBUG - [23, 29]
2023-10-31 20:12:58,585 - f - DEBUG - [23, 29, 34]
2023-10-31 20:13:04,591 - f - DEBUG - [34]
2023-10-31 20:13:34,700 - f - DEBUG - [34, 11]
2023-10-31 20:13:40,703 - f - DEBUG - [11]
2023-10-31 20:14:15,380 - f - DEBUG - [11, 10]
2023-10-31 20:15:02,046 - f - DEBUG - [11, 10, 29]
2023-10-31 20:15:08,051 - f - DEBUG - [29]
2023-10-31 20:15:39,777 - f - DEBUG - [29, 31]
2023-10-31 20:16:36,523 - f - DEBUG - [29, 31, 36]
2023-10-31 20:17:16,629 - f - DEBUG - [29, 31, 36, 23]
2023-10-31 20:17:22,631 - f - DEBUG - [23]
2023-10-31 20:17:56,956 - f - DEBUG - [23, 24]
2023-10-31 20:18:45,621 - f - DEBUG - [23, 24, 23]
2023-10-31 20:19:24,863 - f - DEBUG - [23, 24, 23, 17]
2023-10-31 20:20:06,565 - f - DEBUG - [23, 24, 23, 17, 11]
2023-10-31 20:20:12,571 - f - DEBUG - [11]
2023-10-31 20:20:44,621 - f - DEBUG - [11, 9]
2023-10-31 20:21:24,798 - f - DEBUG - [11, 9, 35]
2023-10-31 20:21:30,804 - f - DEBUG - [35]
2023-10-31 20:21:59,855 - f - DEBUG - [35, 30]
2023-10-31 20:22:36,499 - f - DEBUG - [35, 30, 10]
2023-10-31 20:22:42,504 - f - DEBUG - [10]
2023-10-31 20:23:21,582 - f - DEBUG - [10, 0]
2023-10-31 20:23:27,587 - f - DEBUG - [0]
2023-10-31 20:24:06,617 - f - DEBUG - [23]
2023-10-31 20:24:44,386 - f - DEBUG - [23, 2]
2023-10-31 20:25:33,672 - f - DEBUG - [23, 2, 34]
2023-10-31 20:25:39,675 - f - DEBUG - [34]
2023-10-31 20:26:30,917 - f - DEBUG - [34, 15]
2023-10-31 20:26:36,923 - f - DEBUG - [15]
2023-10-31 20:27:09,645 - f - DEBUG - [15, 29]
2023-10-31 20:27:15,651 - f - DEBUG - [29]
2023-10-31 20:27:54,227 - f - DEBUG - [29, 20]
2023-10-31 20:28:37,925 - f - DEBUG - [29, 20, 5]
2023-10-31 20:29:21,885 - f - DEBUG - [29, 20, 5, 31]
2023-10-31 20:29:27,891 - f - DEBUG - [31]
2023-10-31 20:30:12,739 - f - DEBUG - [31, 9]
2023-10-31 20:30:18,744 - f - DEBUG - [9]
2023-10-31 20:30:53,610 - f - DEBUG - [9, 6]
2023-10-31 20:31:40,867 - f - DEBUG - [9, 6, 16]
2023-10-31 20:31:46,873 - f - DEBUG - [16]
2023-10-31 20:32:20,877 - f - DEBUG - [16, 29]
2023-10-31 20:32:26,883 - f - DEBUG - [29]
2023-10-31 20:35:49,126 - f - INFO - WebDriver Iniciado
2023-10-31 20:35:51,010 - f - DEBUG - A execução do Bot começou
2023-10-31 20:36:19,216 - f - DEBUG - [32]
2023-10-31 20:37:01,103 - f - DEBUG - [32, 33]
2023-10-31 20:37:51,287 - f - DEBUG - [32, 33, 24]
2023-10-31 20:37:57,293 - f - DEBUG - [24]
2023-10-31 20:38:32,303 - f - DEBUG - [24, 17]
2023-10-31 20:39:16,271 - f - DEBUG - [24, 17, 32]
2023-10-31 20:39:22,277 - f - DEBUG - [32]
2023-10-31 20:40:01,331 - f - DEBUG - [32, 25]
2023-10-31 20:40:36,844 - f - DEBUG - [32, 25, 14]
2023-10-31 20:40:42,850 - f - DEBUG - [14]
2023-10-31 20:41:19,997 - f - DEBUG - [14, 5]
2023-10-31 20:42:00,800 - f - DEBUG - [14, 5, 26]
2023-10-31 20:42:48,293 - f - DEBUG - [14, 5, 26, 7]
2023-10-31 20:42:54,303 - f - DEBUG - [7]
2023-10-31 20:43:25,980 - f - DEBUG - [7, 17]
2023-10-31 20:43:31,983 - f - DEBUG - [17]
2023-10-31 20:44:10,384 - f - DEBUG - [17, 33]
2023-10-31 20:44:16,388 - f - DEBUG - [33]
2023-10-31 20:44:50,852 - f - DEBUG - [33, 7]
2023-10-31 20:44:56,855 - f - DEBUG - [7]
2023-10-31 20:45:32,987 - f - DEBUG - [7, 0]
2023-10-31 20:45:38,991 - f - DEBUG - [0]
2023-10-31 20:46:18,148 - f - DEBUG - [21]
2023-10-31 20:46:57,950 - f - DEBUG - [21, 19]
2023-10-31 20:47:37,253 - f - DEBUG - [21, 19, 4]
2023-10-31 20:47:43,259 - f - DEBUG - [4]
2023-10-31 20:48:23,994 - f - DEBUG - [4, 8]
2023-10-31 20:49:05,178 - f - DEBUG - [4, 8, 27]
2023-10-31 20:49:11,184 - f - DEBUG - [27]
2023-10-31 20:49:50,933 - f - DEBUG - [27, 30]
2023-10-31 20:50:33,982 - f - DEBUG - [27, 30, 6]
