2023-10-31 19:31:33,064 - d - INFO - WebDriver Iniciado
2023-10-31 19:31:35,132 - d - DEBUG - A execução do Bot começou
2023-10-31 19:32:06,800 - d - DEBUG - [35]
2023-10-31 19:32:49,730 - d - DEBUG - [35, 11]
2023-10-31 19:33:37,346 - d - DEBUG - [35, 11, 6]
2023-10-31 19:33:43,351 - d - DEBUG - [6]
2023-10-31 19:34:24,650 - d - DEBUG - [6, 18]
2023-10-31 19:35:08,515 - d - DEBUG - [6, 18, 20]
2023-10-31 19:35:14,520 - d - DEBUG - [20]
2023-10-31 19:35:50,888 - d - DEBUG - [20, 31]
2023-10-31 19:35:56,891 - d - DEBUG - [31]
2023-10-31 19:36:36,371 - d - DEBUG - [31, 32]
2023-10-31 19:37:19,479 - d - DEBUG - [31, 32, 26]
2023-10-31 19:38:05,673 - d - DEBUG - [31, 32, 26, 1]
2023-10-31 19:38:11,679 - d - DEBUG - [1]
2023-10-31 19:38:47,670 - d - DEBUG - [1, 3]
2023-10-31 19:39:30,352 - d - DEBUG - [1, 3, 5]
2023-10-31 19:40:14,507 - d - DEBUG - [1, 3, 5, 22]
2023-10-31 19:40:20,511 - d - DEBUG - [22]
2023-10-31 19:40:57,556 - d - DEBUG - [22, 30]
2023-10-31 19:41:03,559 - d - DEBUG - [30]
2023-10-31 19:41:39,505 - d - DEBUG - [30, 5]
2023-10-31 19:41:45,511 - d - DEBUG - [5]
2023-10-31 19:42:26,676 - d - DEBUG - [5, 25]
2023-10-31 19:42:32,680 - d - DEBUG - [25]
2023-10-31 19:43:10,528 - d - DEBUG - [25, 20]
2023-10-31 19:43:16,532 - d - DEBUG - [20]
2023-10-31 19:44:06,609 - d - DEBUG - [20, 24]
2023-10-31 19:44:49,523 - d - DEBUG - [20, 24, 24]
2023-10-31 19:45:33,740 - d - DEBUG - [20, 24, 24, 8]
2023-10-31 19:45:39,746 - d - DEBUG - [8]
2023-10-31 19:46:21,797 - d - DEBUG - [8, 13]
2023-10-31 19:46:27,803 - d - DEBUG - [13]
2023-10-31 19:47:12,806 - d - DEBUG - [13, 18]
2023-10-31 19:47:56,699 - d - DEBUG - [13, 18, 5]
2023-10-31 19:48:02,706 - d - DEBUG - [5]
2023-10-31 19:48:41,799 - d - DEBUG - [5, 29]
2023-10-31 19:49:25,596 - d - DEBUG - [5, 29, 26]
2023-10-31 19:50:13,573 - d - DEBUG - [5, 29, 26, 11]
2023-10-31 19:50:57,679 - d - DEBUG - [5, 29, 26, 11, 23]
2023-10-31 19:51:49,167 - d - DEBUG - [5, 29, 26, 11, 23, 30]
2023-10-31 19:51:55,171 - d - DEBUG - [30]
2023-10-31 19:52:39,189 - d - DEBUG - [30, 12]
2023-10-31 19:53:24,931 - d - DEBUG - [30, 12, 30]
2023-10-31 19:54:13,084 - d - DEBUG - [30, 12, 30, 1]
2023-10-31 19:54:19,087 - d - DEBUG - [1]
2023-10-31 19:55:09,345 - d - DEBUG - [1, 14]
2023-10-31 19:55:15,355 - d - DEBUG - [14]
2023-10-31 19:55:51,956 - d - DEBUG - [14, 14]
2023-10-31 19:56:42,073 - d - DEBUG - [14, 14, 30]
2023-10-31 19:56:48,079 - d - DEBUG - [30]
2023-10-31 19:57:26,033 - d - DEBUG - [30, 10]
2023-10-31 19:57:32,039 - d - DEBUG - [10]
2023-10-31 19:58:07,130 - d - DEBUG - [10, 15]
2023-10-31 19:58:13,135 - d - DEBUG - [15]
2023-10-31 19:58:55,780 - d - DEBUG - [15, 18]
2023-10-31 19:59:42,767 - d - DEBUG - [15, 18, 1]
2023-10-31 19:59:48,772 - d - DEBUG - [1]
2023-10-31 20:00:26,249 - d - DEBUG - [1, 35]
2023-10-31 20:00:32,255 - d - DEBUG - [35]
2023-10-31 20:01:16,693 - d - DEBUG - [35, 24]
2023-10-31 20:01:22,699 - d - DEBUG - [24]
2023-10-31 20:02:04,039 - d - DEBUG - [24, 9]
2023-10-31 20:02:52,298 - d - DEBUG - [24, 9, 23]
2023-10-31 20:02:58,303 - d - DEBUG - [23]
2023-10-31 20:03:37,872 - d - DEBUG - [23, 35]
2023-10-31 20:04:28,714 - d - DEBUG - [23, 35, 27]
2023-10-31 20:04:34,720 - d - DEBUG - [27]
2023-10-31 20:05:18,408 - d - DEBUG - [27, 26]
2023-10-31 20:06:02,205 - d - DEBUG - [27, 26, 17]
2023-10-31 20:06:08,211 - d - DEBUG - [17]
2023-10-31 20:06:53,797 - d - DEBUG - [17, 7]
2023-10-31 20:06:59,803 - d - DEBUG - [7]
2023-10-31 20:07:41,873 - d - DEBUG - [7, 11]
2023-10-31 20:08:28,660 - d - DEBUG - [7, 11, 34]
2023-10-31 20:08:34,666 - d - DEBUG - [34]
2023-10-31 20:09:16,584 - d - DEBUG - [34, 5]
2023-10-31 20:09:22,589 - d - DEBUG - [5]
2023-10-31 20:10:03,199 - d - DEBUG - [5, 8]
2023-10-31 20:11:56,318 - d - DEBUG - [5, 8, 9]
2023-10-31 20:12:51,590 - d - DEBUG - [5, 8, 9, 2]
2023-10-31 20:13:31,490 - d - DEBUG - [5, 8, 9, 2, 14]
2023-10-31 20:13:37,496 - d - DEBUG - [14]
2023-10-31 20:14:11,928 - d - DEBUG - [14, 18]
2023-10-31 20:14:56,822 - d - DEBUG - [14, 18, 33]
2023-10-31 20:15:02,827 - d - DEBUG - [33]
2023-10-31 20:15:36,556 - d - DEBUG - [33, 13]
2023-10-31 20:15:42,562 - d - DEBUG - [13]
2023-10-31 20:16:26,036 - d - DEBUG - [13, 5]
2023-10-31 20:16:32,042 - d - DEBUG - [5]
2023-10-31 20:17:07,508 - d - DEBUG - [5, 12]
2023-10-31 20:17:49,857 - d - DEBUG - [5, 12, 4]
2023-10-31 20:18:36,961 - d - DEBUG - [5, 12, 4, 20]
2023-10-31 20:18:42,967 - d - DEBUG - [20]
2023-10-31 20:19:26,745 - d - DEBUG - [20, 26]
2023-10-31 20:20:12,399 - d - DEBUG - [20, 26, 36]
2023-10-31 20:20:18,405 - d - DEBUG - [36]
2023-10-31 20:21:05,381 - d - DEBUG - [36, 32]
2023-10-31 20:21:49,423 - d - DEBUG - [36, 32, 24]
2023-10-31 20:21:55,427 - d - DEBUG - [24]
2023-10-31 20:22:37,542 - d - DEBUG - [24, 4]
2023-10-31 20:22:43,547 - d - DEBUG - [4]
2023-10-31 20:23:20,493 - d - DEBUG - [4, 17]
2023-10-31 20:23:26,499 - d - DEBUG - [17]
2023-10-31 20:24:10,367 - d - DEBUG - [17, 26]
2023-10-31 20:24:56,235 - d - DEBUG - [17, 26, 33]
2023-10-31 20:25:02,239 - d - DEBUG - [33]
2023-10-31 20:25:44,574 - d - DEBUG - [33, 5]
2023-10-31 20:25:50,579 - d - DEBUG - [5]
2023-10-31 20:26:31,557 - d - DEBUG - [5, 7]
2023-10-31 20:27:20,754 - d - DEBUG - [5, 7, 32]
2023-10-31 20:27:26,759 - d - DEBUG - [32]
2023-10-31 20:28:04,289 - d - DEBUG - [32, 3]
2023-10-31 20:28:10,295 - d - DEBUG - [3]
2023-10-31 20:28:52,441 - d - DEBUG - [3, 29]
2023-10-31 20:28:58,446 - d - DEBUG - [29]
2023-10-31 20:29:35,558 - d - DEBUG - [29, 2]
2023-10-31 20:30:18,481 - d - DEBUG - [29, 2, 36]
2023-10-31 20:30:24,487 - d - DEBUG - [36]
2023-10-31 20:31:07,834 - d - DEBUG - [36, 28]
2023-10-31 20:31:52,838 - d - DEBUG - [36, 28, 30]
2023-10-31 20:32:37,620 - d - DEBUG - [36, 28, 30, 25]
2023-10-31 20:35:43,997 - d - INFO - WebDriver Iniciado
2023-10-31 20:35:45,147 - d - DEBUG - A execução do Bot começou
2023-10-31 20:35:51,676 - d - DEBUG - [22]
2023-10-31 20:36:39,588 - d - DEBUG - [22, 35]
2023-10-31 20:36:45,591 - d - DEBUG - [35]
2023-10-31 20:37:28,310 - d - DEBUG - [35, 8]
2023-10-31 20:38:13,566 - d - DEBUG - [35, 8, 8]
2023-10-31 20:39:03,224 - d - DEBUG - [35, 8, 8, 24]
2023-10-31 20:39:09,231 - d - DEBUG - [24]
