2023-10-31 19:31:27,863 - c - INFO - WebDriver Iniciado
2023-10-31 19:31:29,565 - c - DEBUG - A execução do Bot começou
2023-10-31 19:31:56,542 - c - DEBUG - [36]
2023-10-31 19:32:36,717 - c - DEBUG - [36, 30]
2023-10-31 19:33:13,511 - c - DEBUG - [36, 30, 22]
2023-10-31 19:33:19,515 - c - DEBUG - [22]
2023-10-31 19:33:50,613 - c - DEBUG - [22, 8]
2023-10-31 19:33:56,619 - c - DEBUG - [8]
2023-10-31 19:34:27,954 - c - DEBUG - [8, 1]
2023-10-31 19:35:06,123 - c - DEBUG - [8, 1, 12]
2023-10-31 19:35:47,832 - c - DEBUG - [8, 1, 12, 27]
2023-10-31 19:35:53,835 - c - DEBUG - [27]
2023-10-31 19:36:29,794 - c - DEBUG - [27, 16]
2023-10-31 19:36:35,799 - c - DEBUG - [16]
2023-10-31 19:37:03,074 - c - DEBUG - [16, 29]
2023-10-31 19:37:09,079 - c - DEBUG - [29]
2023-10-31 19:37:38,996 - c - DEBUG - [29, 19]
2023-10-31 19:37:45,001 - c - DEBUG - [19]
2023-10-31 19:38:18,686 - c - DEBUG - [19, 23]
2023-10-31 19:39:00,650 - c - DEBUG - [19, 23, 3]
2023-10-31 19:39:06,656 - c - DEBUG - [3]
2023-10-31 19:39:39,015 - c - DEBUG - [3, 23]
2023-10-31 19:39:45,019 - c - DEBUG - [23]
2023-10-31 19:40:14,924 - c - DEBUG - [23, 26]
2023-10-31 19:40:53,884 - c - DEBUG - [23, 26, 8]
2023-10-31 19:41:31,079 - c - DEBUG - [23, 26, 8, 5]
2023-10-31 19:42:07,824 - c - DEBUG - [23, 26, 8, 5, 25]
2023-10-31 19:42:13,827 - c - DEBUG - [25]
2023-10-31 19:42:52,903 - c - DEBUG - [25, 6]
2023-10-31 19:42:58,908 - c - DEBUG - [6]
2023-10-31 19:43:38,837 - c - DEBUG - [6, 33]
2023-10-31 19:44:23,684 - c - DEBUG - [6, 33, 15]
2023-10-31 19:45:11,717 - c - DEBUG - [6, 33, 15, 17]
2023-10-31 19:45:17,723 - c - DEBUG - [17]
2023-10-31 19:45:58,124 - c - DEBUG - [17, 22]
2023-10-31 19:46:37,887 - c - DEBUG - [17, 22, 36]
2023-10-31 19:46:43,892 - c - DEBUG - [36]
2023-10-31 19:47:18,663 - c - DEBUG - [36, 19]
2023-10-31 19:47:24,669 - c - DEBUG - [19]
2023-10-31 19:48:05,806 - c - DEBUG - [19, 11]
2023-10-31 19:48:11,811 - c - DEBUG - [11]
2023-10-31 19:48:49,199 - c - DEBUG - [11, 13]
2023-10-31 19:48:55,205 - c - DEBUG - [13]
2023-10-31 19:49:49,945 - c - DEBUG - [13, 20]
2023-10-31 19:50:23,946 - c - DEBUG - [13, 20, 31]
2023-10-31 19:50:29,955 - c - DEBUG - [31]
2023-10-31 19:50:57,871 - c - DEBUG - [31, 2]
2023-10-31 19:51:03,876 - c - DEBUG - [2]
2023-10-31 19:51:38,597 - c - DEBUG - [2, 4]
2023-10-31 19:52:24,476 - c - DEBUG - [2, 4, 29]
2023-10-31 19:52:30,479 - c - DEBUG - [29]
2023-10-31 19:53:08,546 - c - DEBUG - [29, 16]
2023-10-31 19:53:14,551 - c - DEBUG - [16]
2023-10-31 19:53:49,664 - c - DEBUG - [16, 25]
2023-10-31 19:54:29,429 - c - DEBUG - [16, 25, 10]
2023-10-31 19:55:10,691 - c - DEBUG - [16, 25, 10, 10]
2023-10-31 19:55:48,049 - c - DEBUG - [16, 25, 10, 10, 4]
2023-10-31 19:56:36,253 - c - DEBUG - [16, 25, 10, 10, 4, 29]
2023-10-31 19:56:42,259 - c - DEBUG - [29]
2023-10-31 19:57:14,371 - c - DEBUG - [29, 26]
2023-10-31 19:57:54,584 - c - DEBUG - [29, 26, 18]
2023-10-31 19:58:00,588 - c - DEBUG - [18]
2023-10-31 19:58:39,513 - c - DEBUG - [18, 4]
2023-10-31 19:58:45,517 - c - DEBUG - [4]
2023-10-31 19:59:29,794 - c - DEBUG - [4, 18]
2023-10-31 19:59:35,805 - c - DEBUG - [18]
2023-10-31 20:00:12,890 - c - DEBUG - [18, 10]
2023-10-31 20:00:18,898 - c - DEBUG - [10]
2023-10-31 20:00:52,529 - c - DEBUG - [10, 0]
2023-10-31 20:00:58,536 - c - DEBUG - [0]
2023-10-31 20:01:35,647 - c - DEBUG - [24]
2023-10-31 20:02:15,648 - c - DEBUG - [24, 16]
2023-10-31 20:02:54,807 - c - DEBUG - [24, 16, 18]
2023-10-31 20:03:34,798 - c - DEBUG - [24, 16, 18, 22]
2023-10-31 20:04:17,008 - c - DEBUG - [24, 16, 18, 22, 12]
2023-10-31 20:04:23,011 - c - DEBUG - [12]
2023-10-31 20:05:02,653 - c - DEBUG - [12, 24]
2023-10-31 20:05:43,055 - c - DEBUG - [12, 24, 29]
2023-10-31 20:05:49,059 - c - DEBUG - [29]
2023-10-31 20:06:24,155 - c - DEBUG - [29, 18]
2023-10-31 20:06:30,159 - c - DEBUG - [18]
2023-10-31 20:07:05,321 - c - DEBUG - [18, 28]
2023-10-31 20:07:11,327 - c - DEBUG - [28]
2023-10-31 20:07:48,312 - c - DEBUG - [28, 27]
2023-10-31 20:08:30,297 - c - DEBUG - [28, 27, 18]
2023-10-31 20:08:36,303 - c - DEBUG - [18]
2023-10-31 20:09:22,393 - c - DEBUG - [18, 2]
2023-10-31 20:09:28,395 - c - DEBUG - [2]
2023-10-31 20:10:01,422 - c - DEBUG - [2, 33]
2023-10-31 20:10:07,431 - c - DEBUG - [33]
2023-10-31 20:10:41,268 - c - DEBUG - [33, 2]
2023-10-31 20:10:47,272 - c - DEBUG - [2]
2023-10-31 20:11:22,112 - c - DEBUG - [2, 1]
2023-10-31 20:12:06,403 - c - DEBUG - [2, 1, 5]
2023-10-31 20:12:56,058 - c - DEBUG - [2, 1, 5, 16]
2023-10-31 20:13:02,064 - c - DEBUG - [16]
2023-10-31 20:13:37,260 - c - DEBUG - [16, 19]
2023-10-31 20:14:22,702 - c - DEBUG - [16, 19, 3]
2023-10-31 20:14:28,707 - c - DEBUG - [3]
2023-10-31 20:14:59,055 - c - DEBUG - [3, 31]
2023-10-31 20:15:05,059 - c - DEBUG - [31]
2023-10-31 20:15:42,545 - c - DEBUG - [31, 27]
2023-10-31 20:16:20,242 - c - DEBUG - [31, 27, 32]
2023-10-31 20:17:05,064 - c - DEBUG - [31, 27, 32, 13]
2023-10-31 20:17:11,067 - c - DEBUG - [13]
2023-10-31 20:17:38,554 - c - DEBUG - [13, 5]
2023-10-31 20:17:44,559 - c - DEBUG - [5]
2023-10-31 20:18:24,101 - c - DEBUG - [5, 28]
2023-10-31 20:18:30,108 - c - DEBUG - [28]
2023-10-31 20:19:12,562 - c - DEBUG - [28, 22]
2023-10-31 20:19:46,733 - c - DEBUG - [28, 22, 9]
2023-10-31 20:19:52,739 - c - DEBUG - [9]
2023-10-31 20:20:23,160 - c - DEBUG - [9, 26]
2023-10-31 20:20:29,166 - c - DEBUG - [26]
2023-10-31 20:21:08,165 - c - DEBUG - [26, 0]
2023-10-31 20:21:14,171 - c - DEBUG - [0]
2023-10-31 20:21:47,124 - c - DEBUG - [34]
2023-10-31 20:22:30,879 - c - DEBUG - [34, 9]
2023-10-31 20:22:36,884 - c - DEBUG - [9]
2023-10-31 20:23:05,859 - c - DEBUG - [9, 36]
2023-10-31 20:23:47,102 - c - DEBUG - [9, 36, 26]
2023-10-31 20:23:53,105 - c - DEBUG - [26]
2023-10-31 20:24:25,887 - c - DEBUG - [26, 1]
2023-10-31 20:24:31,891 - c - DEBUG - [1]
2023-10-31 20:24:57,722 - c - DEBUG - [1, 12]
2023-10-31 20:25:36,885 - c - DEBUG - [1, 12, 0]
2023-10-31 20:25:42,891 - c - DEBUG - [0]
2023-10-31 20:26:23,150 - c - DEBUG - [15]
2023-10-31 20:26:59,085 - c - DEBUG - [15, 34]
2023-10-31 20:27:05,091 - c - DEBUG - [34]
2023-10-31 20:27:40,235 - c - DEBUG - [34, 1]
2023-10-31 20:28:17,806 - c - DEBUG - [34, 1, 12]
2023-10-31 20:28:23,811 - c - DEBUG - [12]
2023-10-31 20:28:58,938 - c - DEBUG - [12, 13]
2023-10-31 20:29:04,944 - c - DEBUG - [13]
2023-10-31 20:29:35,123 - c - DEBUG - [13, 15]
2023-10-31 20:30:15,967 - c - DEBUG - [13, 15, 32]
2023-10-31 20:30:21,973 - c - DEBUG - [32]
2023-10-31 20:30:50,968 - c - DEBUG - [32, 10]
2023-10-31 20:30:56,974 - c - DEBUG - [10]
2023-10-31 20:31:27,134 - c - DEBUG - [10, 8]
2023-10-31 20:32:07,200 - c - DEBUG - [10, 8, 19]
2023-10-31 20:32:13,206 - c - DEBUG - [19]
2023-10-31 20:32:41,004 - c - DEBUG - [19, 5]
2023-10-31 20:35:38,870 - c - INFO - WebDriver Iniciado
2023-10-31 20:35:40,135 - c - DEBUG - A execução do Bot começou
2023-10-31 20:36:07,904 - c - DEBUG - [17]
2023-10-31 20:38:17,874 - c - DEBUG - [17, 29]
2023-10-31 20:39:15,048 - c - DEBUG - [17, 29, 5]
2023-10-31 20:40:00,614 - c - DEBUG - [17, 29, 5, 23]
2023-10-31 20:40:41,567 - c - DEBUG - [17, 29, 5, 23, 32]
2023-10-31 20:41:28,821 - c - DEBUG - [17, 29, 5, 23, 32, 34]
2023-10-31 20:41:34,827 - c - DEBUG - [34]
2023-10-31 20:42:07,530 - c - DEBUG - [34, 7]
2023-10-31 20:42:56,672 - c - DEBUG - [34, 7, 18]
2023-10-31 20:43:02,675 - c - DEBUG - [18]
2023-10-31 20:43:32,785 - c - DEBUG - [18, 34]
2023-10-31 20:43:38,791 - c - DEBUG - [34]
2023-10-31 20:44:18,007 - c - DEBUG - [34, 21]
2023-10-31 20:44:24,011 - c - DEBUG - [21]
2023-10-31 20:44:52,593 - c - DEBUG - [21, 17]
2023-10-31 20:45:45,935 - c - DEBUG - [21, 17, 18]
