2023-10-31 19:31:07,701 - popok - INFO - WebDriver Iniciado
2023-10-31 19:31:08,536 - popok - DEBUG - A execução do Bot começou
2023-10-31 19:31:23,356 - popok - DEBUG - [27]
2023-10-31 19:32:08,380 - popok - DEBUG - [27, 29]
2023-10-31 19:32:51,162 - popok - DEBUG - [27, 29, 22]
2023-10-31 19:32:57,167 - popok - DEBUG - [22]
2023-10-31 19:33:38,503 - popok - DEBUG - [22, 15]
2023-10-31 19:34:17,646 - popok - DEBUG - [22, 15, 1]
2023-10-31 19:34:23,651 - popok - DEBUG - [1]
2023-10-31 19:34:59,546 - popok - DEBUG - [1, 36]
2023-10-31 19:35:05,552 - popok - DEBUG - [36]
2023-10-31 19:35:34,502 - popok - DEBUG - [36, 15]
2023-10-31 19:36:12,236 - popok - DEBUG - [36, 15, 17]
2023-10-31 19:36:18,240 - popok - DEBUG - [17]
2023-10-31 19:36:51,597 - popok - DEBUG - [17, 20]
2023-10-31 19:37:32,164 - popok - DEBUG - [17, 20, 33]
2023-10-31 19:37:38,168 - popok - DEBUG - [33]
2023-10-31 19:38:17,342 - popok - DEBUG - [33, 23]
2023-10-31 19:38:23,347 - popok - DEBUG - [23]
2023-10-31 19:39:03,497 - popok - DEBUG - [23, 20]
2023-10-31 19:39:45,433 - popok - DEBUG - [23, 20, 2]
2023-10-31 19:40:31,442 - popok - DEBUG - [23, 20, 2, 17]
2023-10-31 19:41:18,683 - popok - DEBUG - [23, 20, 2, 17, 28]
2023-10-31 19:41:24,687 - popok - DEBUG - [28]
2023-10-31 19:41:57,637 - popok - DEBUG - [28, 28]
2023-10-31 19:42:37,617 - popok - DEBUG - [28, 28, 3]
2023-10-31 19:42:43,623 - popok - DEBUG - [3]
2023-10-31 19:43:20,740 - popok - DEBUG - [3, 24]
2023-10-31 19:44:07,317 - popok - DEBUG - [3, 24, 5]
2023-10-31 19:44:13,323 - popok - DEBUG - [5]
2023-10-31 19:44:43,404 - popok - DEBUG - [5, 19]
2023-10-31 19:44:49,410 - popok - DEBUG - [19]
2023-10-31 19:45:29,664 - popok - DEBUG - [19, 2]
2023-10-31 19:45:35,668 - popok - DEBUG - [2]
2023-10-31 19:46:07,361 - popok - DEBUG - [2, 22]
2023-10-31 19:46:13,368 - popok - DEBUG - [22]
2023-10-31 19:46:48,460 - popok - DEBUG - [22, 15]
2023-10-31 19:47:22,390 - popok - DEBUG - [22, 15, 35]
2023-10-31 19:47:28,395 - popok - DEBUG - [35]
2023-10-31 19:48:08,735 - popok - DEBUG - [35, 10]
2023-10-31 19:48:14,739 - popok - DEBUG - [10]
2023-10-31 19:48:49,653 - popok - DEBUG - [10, 9]
2023-10-31 19:49:30,664 - popok - DEBUG - [10, 9, 2]
2023-10-31 19:50:05,720 - popok - DEBUG - [10, 9, 2, 6]
2023-10-31 19:50:51,666 - popok - DEBUG - [10, 9, 2, 6, 16]
2023-10-31 19:50:57,672 - popok - DEBUG - [16]
2023-10-31 19:51:23,289 - popok - DEBUG - [16, 26]
2023-10-31 19:51:29,295 - popok - DEBUG - [26]
2023-10-31 19:52:04,496 - popok - DEBUG - [26, 9]
2023-10-31 19:52:10,502 - popok - DEBUG - [9]
2023-10-31 19:52:36,391 - popok - DEBUG - [9, 20]
2023-10-31 19:52:42,395 - popok - DEBUG - [20]
2023-10-31 19:53:12,361 - popok - DEBUG - [20, 36]
2023-10-31 19:53:18,371 - popok - DEBUG - [36]
2023-10-31 19:53:51,229 - popok - DEBUG - [36, 8]
2023-10-31 19:53:57,235 - popok - DEBUG - [8]
2023-10-31 19:54:29,282 - popok - DEBUG - [8, 35]
2023-10-31 19:55:13,479 - popok - DEBUG - [8, 35, 9]
2023-10-31 19:55:19,483 - popok - DEBUG - [9]
2023-10-31 19:55:42,517 - popok - DEBUG - [9, 26]
2023-10-31 19:55:48,523 - popok - DEBUG - [26]
2023-10-31 19:56:24,556 - popok - DEBUG - [26, 25]
2023-10-31 19:57:04,611 - popok - DEBUG - [26, 25, 15]
2023-10-31 19:57:10,615 - popok - DEBUG - [15]
2023-10-31 19:57:38,562 - popok - DEBUG - [15, 0]
2023-10-31 19:57:44,568 - popok - DEBUG - [0]
2023-10-31 19:58:12,559 - popok - DEBUG - [14]
2023-10-31 19:58:54,261 - popok - DEBUG - [14, 11]
2023-10-31 19:59:30,583 - popok - DEBUG - [14, 11, 35]
2023-10-31 20:00:09,204 - popok - DEBUG - [14, 11, 35, 14]
2023-10-31 20:00:42,709 - popok - DEBUG - [14, 11, 35, 14, 19]
2023-10-31 20:00:48,715 - popok - DEBUG - [19]
2023-10-31 20:01:16,787 - popok - DEBUG - [19, 18]
2023-10-31 20:01:51,762 - popok - DEBUG - [19, 18, 5]
2023-10-31 20:01:57,767 - popok - DEBUG - [5]
2023-10-31 20:02:26,610 - popok - DEBUG - [5, 20]
2023-10-31 20:02:58,640 - popok - DEBUG - [5, 20, 13]
2023-10-31 20:03:04,646 - popok - DEBUG - [13]
2023-10-31 20:03:43,696 - popok - DEBUG - [13, 29]
2023-10-31 20:03:49,699 - popok - DEBUG - [29]
2023-10-31 20:04:25,386 - popok - DEBUG - [29, 35]
2023-10-31 20:04:59,695 - popok - DEBUG - [29, 35, 29]
2023-10-31 20:05:32,366 - popok - DEBUG - [29, 35, 29, 17]
2023-10-31 20:06:14,417 - popok - DEBUG - [29, 35, 29, 17, 9]
2023-10-31 20:06:20,426 - popok - DEBUG - [9]
2023-10-31 20:07:00,253 - popok - DEBUG - [9, 17]
2023-10-31 20:07:06,259 - popok - DEBUG - [17]
2023-10-31 20:07:51,305 - popok - DEBUG - [17, 29]
2023-10-31 20:08:35,783 - popok - DEBUG - [17, 29, 33]
2023-10-31 20:08:41,794 - popok - DEBUG - [33]
2023-10-31 20:09:16,522 - popok - DEBUG - [33, 5]
2023-10-31 20:09:22,527 - popok - DEBUG - [5]
2023-10-31 20:09:52,521 - popok - DEBUG - [5, 33]
2023-10-31 20:09:58,526 - popok - DEBUG - [33]
2023-10-31 20:10:33,679 - popok - DEBUG - [33, 6]
2023-10-31 20:11:12,220 - popok - DEBUG - [33, 6, 10]
2023-10-31 20:11:18,223 - popok - DEBUG - [10]
2023-10-31 20:11:59,670 - popok - DEBUG - [10, 9]
2023-10-31 20:12:43,123 - popok - DEBUG - [10, 9, 10]
2023-10-31 20:13:36,181 - popok - DEBUG - [10, 9, 10, 23]
2023-10-31 20:13:42,187 - popok - DEBUG - [23]
2023-10-31 20:14:19,132 - popok - DEBUG - [23, 15]
2023-10-31 20:15:04,354 - popok - DEBUG - [23, 15, 7]
2023-10-31 20:15:10,359 - popok - DEBUG - [7]
2023-10-31 20:15:48,877 - popok - DEBUG - [7, 11]
2023-10-31 20:16:28,290 - popok - DEBUG - [7, 11, 9]
2023-10-31 20:17:14,142 - popok - DEBUG - [7, 11, 9, 29]
2023-10-31 20:17:20,149 - popok - DEBUG - [29]
2023-10-31 20:17:56,063 - popok - DEBUG - [29, 17]
2023-10-31 20:18:33,145 - popok - DEBUG - [29, 17, 4]
2023-10-31 20:18:39,151 - popok - DEBUG - [4]
2023-10-31 20:19:10,266 - popok - DEBUG - [4, 13]
2023-10-31 20:19:54,694 - popok - DEBUG - [4, 13, 20]
2023-10-31 20:20:00,699 - popok - DEBUG - [20]
2023-10-31 20:20:37,510 - popok - DEBUG - [20, 8]
2023-10-31 20:21:20,632 - popok - DEBUG - [20, 8, 24]
2023-10-31 20:21:26,638 - popok - DEBUG - [24]
2023-10-31 20:22:02,645 - popok - DEBUG - [24, 35]
2023-10-31 20:22:08,651 - popok - DEBUG - [35]
2023-10-31 20:22:47,695 - popok - DEBUG - [35, 36]
2023-10-31 20:23:27,952 - popok - DEBUG - [35, 36, 32]
2023-10-31 20:24:12,525 - popok - DEBUG - [35, 36, 32, 12]
2023-10-31 20:24:18,531 - popok - DEBUG - [12]
2023-10-31 20:24:55,901 - popok - DEBUG - [12, 10]
2023-10-31 20:25:36,338 - popok - DEBUG - [12, 10, 10]
2023-10-31 20:26:13,895 - popok - DEBUG - [12, 10, 10, 36]
2023-10-31 20:26:19,899 - popok - DEBUG - [36]
2023-10-31 20:26:59,591 - popok - DEBUG - [36, 21]
2023-10-31 20:27:46,912 - popok - DEBUG - [36, 21, 1]
2023-10-31 20:27:52,916 - popok - DEBUG - [1]
2023-10-31 20:28:20,530 - popok - DEBUG - [1, 12]
2023-10-31 20:29:05,409 - popok - DEBUG - [1, 12, 4]
2023-10-31 20:29:52,681 - popok - DEBUG - [1, 12, 4, 17]
2023-10-31 20:29:58,687 - popok - DEBUG - [17]
2023-10-31 20:30:36,642 - popok - DEBUG - [17, 14]
2023-10-31 20:31:11,600 - popok - DEBUG - [17, 14, 12]
2023-10-31 20:31:17,606 - popok - DEBUG - [12]
2023-10-31 20:31:58,497 - popok - DEBUG - [12, 3]
2023-10-31 20:32:38,662 - popok - DEBUG - [12, 3, 30]
