2023-10-31 19:31:22,834 - b - INFO - WebDriver Iniciado
2023-10-31 19:31:24,396 - b - DEBUG - A execução do Bot começou
2023-10-31 19:31:29,112 - b - DEBUG - [28]
2023-10-31 19:32:29,026 - b - DEBUG - [28, 21]
2023-10-31 19:32:35,033 - b - DEBUG - [21]
2023-10-31 19:33:21,977 - b - DEBUG - [21, 35]
2023-10-31 19:33:27,983 - b - DEBUG - [35]
2023-10-31 19:34:15,815 - b - DEBUG - [35, 18]
2023-10-31 19:34:21,819 - b - DEBUG - [18]
2023-10-31 19:35:06,959 - b - DEBUG - [18, 17]
2023-10-31 19:35:55,577 - b - DEBUG - [18, 17, 30]
2023-10-31 19:36:01,579 - b - DEBUG - [30]
2023-10-31 19:36:47,671 - b - DEBUG - [30, 31]
2023-10-31 19:37:37,011 - b - DEBUG - [30, 31, 4]
2023-10-31 19:37:43,015 - b - DEBUG - [4]
2023-10-31 19:38:22,824 - b - DEBUG - [4, 28]
2023-10-31 19:39:14,822 - b - DEBUG - [4, 28, 26]
2023-10-31 19:39:20,827 - b - DEBUG - [26]
2023-10-31 19:40:04,863 - b - DEBUG - [26, 11]
2023-10-31 19:40:52,721 - b - DEBUG - [26, 11, 16]
2023-10-31 19:40:58,727 - b - DEBUG - [16]
2023-10-31 19:41:40,724 - b - DEBUG - [16, 8]
2023-10-31 19:41:46,727 - b - DEBUG - [8]
2023-10-31 19:42:22,710 - b - DEBUG - [8, 6]
2023-10-31 19:43:10,752 - b - DEBUG - [8, 6, 21]
2023-10-31 19:43:16,755 - b - DEBUG - [21]
2023-10-31 19:43:57,188 - b - DEBUG - [21, 30]
2023-10-31 19:44:38,725 - b - DEBUG - [21, 30, 3]
2023-10-31 19:45:20,844 - b - DEBUG - [21, 30, 3, 21]
2023-10-31 19:46:31,901 - b - DEBUG - [21, 30, 3, 21, 3]
2023-10-31 19:47:23,993 - b - DEBUG - [21, 30, 3, 21, 3, 11]
2023-10-31 19:47:29,999 - b - DEBUG - [11]
2023-10-31 19:48:12,040 - b - DEBUG - [11, 34]
2023-10-31 19:48:18,043 - b - DEBUG - [34]
2023-10-31 19:49:00,961 - b - DEBUG - [34, 33]
2023-10-31 19:49:45,428 - b - DEBUG - [34, 33, 36]
2023-10-31 19:50:45,322 - b - DEBUG - [34, 33, 36, 9]
2023-10-31 19:50:51,327 - b - DEBUG - [9]
2023-10-31 19:51:22,798 - b - DEBUG - [9, 8]
2023-10-31 19:52:13,297 - b - DEBUG - [9, 8, 21]
2023-10-31 19:52:19,301 - b - DEBUG - [21]
2023-10-31 19:52:55,581 - b - DEBUG - [21, 33]
2023-10-31 19:53:46,543 - b - DEBUG - [21, 33, 26]
2023-10-31 19:53:52,548 - b - DEBUG - [26]
2023-10-31 19:54:29,478 - b - DEBUG - [26, 34]
2023-10-31 19:55:19,697 - b - DEBUG - [26, 34, 0]
2023-10-31 19:55:25,703 - b - DEBUG - [0]
2023-10-31 19:56:08,518 - b - DEBUG - [17]
2023-10-31 19:56:56,657 - b - DEBUG - [17, 0]
2023-10-31 19:57:02,667 - b - DEBUG - [0]
2023-10-31 19:57:48,944 - b - DEBUG - [19]
2023-10-31 19:58:41,503 - b - DEBUG - [19, 32]
2023-10-31 19:58:47,515 - b - DEBUG - [32]
2023-10-31 19:59:32,476 - b - DEBUG - [32, 15]
2023-10-31 19:59:38,479 - b - DEBUG - [15]
2023-10-31 20:00:14,524 - b - DEBUG - [15, 12]
2023-10-31 20:00:56,936 - b - DEBUG - [15, 12, 0]
2023-10-31 20:01:02,942 - b - DEBUG - [0]
2023-10-31 20:01:52,920 - b - DEBUG - [31]
2023-10-31 20:02:38,872 - b - DEBUG - [31, 35]
2023-10-31 20:03:33,874 - b - DEBUG - [31, 35, 27]
2023-10-31 20:04:30,470 - b - DEBUG - [31, 35, 27, 18]
2023-10-31 20:04:36,476 - b - DEBUG - [18]
2023-10-31 20:05:18,465 - b - DEBUG - [18, 17]
2023-10-31 20:06:06,635 - b - DEBUG - [18, 17, 12]
2023-10-31 20:06:12,639 - b - DEBUG - [12]
2023-10-31 20:06:53,349 - b - DEBUG - [12, 35]
2023-10-31 20:06:59,353 - b - DEBUG - [35]
2023-10-31 20:07:35,350 - b - DEBUG - [35, 8]
2023-10-31 20:08:24,458 - b - DEBUG - [35, 8, 3]
2023-10-31 20:08:30,463 - b - DEBUG - [3]
2023-10-31 20:09:05,738 - b - DEBUG - [3, 9]
2023-10-31 20:09:46,159 - b - DEBUG - [3, 9, 9]
2023-10-31 20:10:36,343 - b - DEBUG - [3, 9, 9, 1]
2023-10-31 20:11:28,672 - b - DEBUG - [3, 9, 9, 1, 2]
2023-10-31 20:12:21,335 - b - DEBUG - [3, 9, 9, 1, 2, 35]
2023-10-31 20:12:27,342 - b - DEBUG - [35]
2023-10-31 20:13:15,354 - b - DEBUG - [35, 21]
2023-10-31 20:13:21,359 - b - DEBUG - [21]
2023-10-31 20:14:07,634 - b - DEBUG - [21, 1]
2023-10-31 20:14:13,639 - b - DEBUG - [1]
2023-10-31 20:14:56,640 - b - DEBUG - [1, 34]
2023-10-31 20:15:47,456 - b - DEBUG - [1, 34, 31]
2023-10-31 20:16:39,405 - b - DEBUG - [1, 34, 31, 26]
2023-10-31 20:16:45,409 - b - DEBUG - [26]
2023-10-31 20:17:29,653 - b - DEBUG - [26, 17]
2023-10-31 20:18:20,400 - b - DEBUG - [26, 17, 7]
2023-10-31 20:18:26,406 - b - DEBUG - [7]
2023-10-31 20:19:15,684 - b - DEBUG - [7, 25]
2023-10-31 20:20:09,983 - b - DEBUG - [7, 25, 8]
2023-10-31 20:20:15,987 - b - DEBUG - [8]
2023-10-31 20:21:04,285 - b - DEBUG - [8, 31]
2023-10-31 20:21:10,293 - b - DEBUG - [31]
2023-10-31 20:21:56,981 - b - DEBUG - [31, 8]
2023-10-31 20:22:02,987 - b - DEBUG - [8]
2023-10-31 20:22:48,033 - b - DEBUG - [8, 23]
2023-10-31 20:23:44,092 - b - DEBUG - [8, 23, 10]
2023-10-31 20:23:50,095 - b - DEBUG - [10]
2023-10-31 20:24:39,189 - b - DEBUG - [10, 20]
2023-10-31 20:24:45,195 - b - DEBUG - [20]
2023-10-31 20:25:31,317 - b - DEBUG - [20, 16]
2023-10-31 20:26:22,964 - b - DEBUG - [20, 16, 25]
2023-10-31 20:26:28,967 - b - DEBUG - [25]
2023-10-31 20:27:17,173 - b - DEBUG - [25, 28]
2023-10-31 20:28:08,098 - b - DEBUG - [25, 28, 18]
2023-10-31 20:28:14,103 - b - DEBUG - [18]
2023-10-31 20:29:00,145 - b - DEBUG - [18, 8]
2023-10-31 20:29:06,151 - b - DEBUG - [8]
2023-10-31 20:29:49,327 - b - DEBUG - [8, 14]
2023-10-31 20:30:43,261 - b - DEBUG - [8, 14, 26]
2023-10-31 20:31:35,450 - b - DEBUG - [8, 14, 26, 4]
2023-10-31 20:31:41,457 - b - DEBUG - [4]
2023-10-31 20:32:28,431 - b - DEBUG - [4, 12]
2023-10-31 20:35:33,860 - b - INFO - WebDriver Iniciado
2023-10-31 20:35:35,073 - b - DEBUG - A execução do Bot começou
2023-10-31 20:36:02,954 - b - DEBUG - [33]
2023-10-31 20:36:49,892 - b - DEBUG - [33, 22]
2023-10-31 20:36:55,895 - b - DEBUG - [22]
2023-10-31 20:37:33,073 - b - DEBUG - [22, 21]
2023-10-31 20:38:20,730 - b - DEBUG - [22, 21, 32]
2023-10-31 20:38:26,739 - b - DEBUG - [32]
2023-10-31 20:39:13,920 - b - DEBUG - [32, 26]
2023-10-31 20:40:05,787 - b - DEBUG - [32, 26, 31]
2023-10-31 20:40:54,974 - b - DEBUG - [32, 26, 31, 4]
2023-10-31 20:41:00,980 - b - DEBUG - [4]
2023-10-31 20:41:44,035 - b - DEBUG - [4, 36]
2023-10-31 20:41:50,039 - b - DEBUG - [36]
2023-10-31 20:42:39,075 - b - DEBUG - [36, 32]
2023-10-31 20:43:29,077 - b - DEBUG - [36, 32, 26]
2023-10-31 20:44:26,905 - b - DEBUG - [36, 32, 26, 1]
2023-10-31 20:44:32,911 - b - DEBUG - [1]
2023-10-31 20:45:21,745 - b - DEBUG - [1, 17]
2023-10-31 20:45:27,751 - b - DEBUG - [17]
2023-10-31 20:46:12,965 - b - DEBUG - [17, 15]
2023-10-31 20:47:03,116 - b - DEBUG - [17, 15, 18]
2023-10-31 20:47:52,949 - b - DEBUG - [17, 15, 18, 2]
2023-10-31 20:47:58,955 - b - DEBUG - [2]
2023-10-31 20:48:44,769 - b - DEBUG - [2, 20]
2023-10-31 20:50:36,918 - b - DEBUG - [2, 20, 32]
2023-10-31 20:53:31,945 - b - DEBUG - [2, 20, 32, 35]
2023-10-31 20:54:18,234 - b - DEBUG - [2, 20, 32, 35, 23]
2023-10-31 20:55:03,695 - b - DEBUG - [2, 20, 32, 35, 23, 28]
2023-10-31 20:55:09,699 - b - DEBUG - [28]
2023-10-31 20:55:58,991 - b - DEBUG - [28, 10]
